INFO:root:15.13.10 Start Dolmen
INFO:root:15.13.10 Entering in home mode
INFO:root:15.13.12 Entering in choose fire mode
INFO:root:15.13.13 Entering in offline mode
INFO:root:15.13.15 start decoding
WARNING:root:15.13.28 no sensors temperature 4
WARNING:root:15.13.28 no time found temperature 4
WARNING:root:15.13.28 no sensors temperature 5
WARNING:root:15.13.28 no time found temperature 5
WARNING:root:15.13.28 no sensors pressure 6
WARNING:root:15.13.28 no time found pressure 6
WARNING:root:15.13.28 no sensors pressure 7
WARNING:root:15.13.28 no time found pressure 7
WARNING:root:15.13.28 no sensors altitude 8
WARNING:root:15.13.28 no time found altitude 8
WARNING:root:15.13.28 no sensors GPS 1
WARNING:root:15.13.28 no sensors accelerometer 2
WARNING:root:15.13.28 no sensors gyroscope 3
INFO:root:15.14.19 Entering in choose fire mode
INFO:root:15.14.21 Entering in home mode
INFO:root:15.14.22  Exit Dolmen
