INFO:root:17.17.09 Start Dolmen
INFO:root:17.17.09 Entering in home mode
INFO:root:17.17.10 Entering in choose fire mode
INFO:root:17.17.11 Entering in online mode
INFO:root:17.17.12 start decoding
WARNING:root:17.17.14 no sensors pressure 6
WARNING:root:17.17.15 no data in sensors ['accelerometer_X', 'accelerometer_Y', 'accelerometer_Z'] 2
WARNING:root:17.17.16 no data in sensors pressure6
WARNING:root:17.17.17 no sensors temperature 5
WARNING:root:17.17.17 no sensors pressure 7
WARNING:root:17.17.17 no sensors ['accelerometer_X', 'accelerometer_Y', 'accelerometer_Z'] 2
WARNING:root:17.17.18 no sensors temperature 5
WARNING:root:17.17.18 no sensors pressure 7
WARNING:root:17.17.19 no sensors temperature 5
WARNING:root:17.17.19 no sensors pressure 7
WARNING:root:17.17.20 no sensors temperature 5
WARNING:root:17.17.20 no sensors pressure 7
INFO:root:17.17.21 Entering in choose fire mode
INFO:root:17.17.23 Entering in home mode
INFO:root:17.17.24 Exit Dolmen
