INFO:root:10.18.18 Start Dolmen
INFO:root:10.18.18 Entering in home mode
INFO:root:10.18.19 Entering in choose fire mode
INFO:root:10.18.24 Entering in online mode
INFO:root:10.18.26 start decoding
WARNING:root:10.18.28 no time found
WARNING:root:10.18.28 no time found
WARNING:root:10.18.28 no time found
WARNING:root:10.18.28 no time found
WARNING:root:10.18.28 no time found
INFO:root:10.18.31 Entering in choose fire mode
INFO:root:10.18.33 Entering in online mode
INFO:root:10.18.39 start decoding
WARNING:root:10.18.41 no time found
WARNING:root:10.18.41 no time found
WARNING:root:10.18.41 no time found
WARNING:root:10.18.41 no time found
WARNING:root:10.18.41 no time found
WARNING:root:10.18.44 no time found
WARNING:root:10.18.44 no time found
WARNING:root:10.18.44 no time found
WARNING:root:10.18.44 no time found
WARNING:root:10.18.44 no sensors pressure 7
WARNING:root:10.18.44 no time found
INFO:root:10.18.44 stop decoding
INFO:root:10.18.46 Entering in choose fire mode
INFO:root:10.18.48 Entering in online mode
INFO:root:10.18.50 start decoding
INFO:root:10.18.53 Entering in choose fire mode
INFO:root:10.18.55 Entering in online mode
INFO:root:10.18.57 start decoding
WARNING:root:10.18.59 no time found
WARNING:root:10.18.59 no time found
WARNING:root:10.18.59 no time found
WARNING:root:10.18.59 no time found
WARNING:root:10.18.59 no time found
INFO:root:10.19.01 Entering in choose fire mode
INFO:root:10.19.03 Entering in home mode
INFO:root:10.19.04  Exit Dolmen
