INFO:root:16.42.35 Start Dolmen
INFO:root:16.42.35 Entering in home mode
INFO:root:16.42.39 Entering in choose fire mode
INFO:root:16.42.40 Entering in offline mode
INFO:root:16.42.42 start decoding
INFO:root:16.42.52 end CSV file
WARNING:root:16.42.55 no time and sensor found temperature  4
WARNING:root:16.42.55 no time and sensor found temperature  5
WARNING:root:16.42.55 no time and sensor found pressure  6
WARNING:root:16.42.55 no time and sensor found pressure  7
WARNING:root:16.42.55 no time and sensor found altitude  8
WARNING:root:16.42.55 no sensors GPS 1
WARNING:root:16.42.55 no sensors accelerometer 2
WARNING:root:16.42.55 no sensors gyroscope 3
ERROR:root:16.43.49 2020_06_04_16.42.35 folder not found => creation
INFO:root:16.46.11 Entering in choose fire mode
INFO:root:16.46.12 Entering in offline mode
INFO:root:16.46.15 Entering in choose fire mode
INFO:root:16.46.16 Entering in offline mode
INFO:root:16.46.18 start decoding
INFO:root:16.46.30 Entering in choose fire mode
INFO:root:16.46.33 Entering in offline mode
INFO:root:16.46.36 start decoding
INFO:root:16.46.44 Entering in choose fire mode
INFO:root:16.46.44 Entering in home mode
INFO:root:16.46.45  Exit Dolmen
