INFO:root:09.04.31 Start Dolmen
INFO:root:09.04.31 Entering in home mode
INFO:root:09.04.44 Entering in about team
INFO:root:09.04.55 Entering in home mode
INFO:root:09.04.57 Entering in choose fire mode
INFO:root:09.04.58 Entering in home mode
INFO:root:09.05.04 Entering in admin mode
INFO:root:09.05.15 Entering in sensor management
INFO:root:09.05.19 Entering in add sensor mode
INFO:root:09.05.29  sensor michelgenerated
INFO:root:09.05.30 Entering in sensor management
INFO:root:09.05.38 Entering in admin mode
INFO:root:09.05.42 Entering in home mode
INFO:root:09.05.43 Entering in choose fire mode
INFO:root:09.05.43 Entering in home mode
INFO:root:09.05.45 Entering in choose fire mode
INFO:root:09.05.45 Entering in home mode
INFO:root:09.05.45 Entering in choose fire mode
INFO:root:09.05.45 Entering in home mode
INFO:root:09.05.46 Entering in choose fire mode
INFO:root:09.05.46 Entering in home mode
INFO:root:09.05.47 Entering in choose fire mode
INFO:root:09.05.47 Entering in home mode
INFO:root:09.05.47 Entering in choose fire mode
INFO:root:09.05.47 Entering in home mode
INFO:root:09.05.48 Entering in choose fire mode
INFO:root:09.05.48 Entering in home mode
INFO:root:09.05.51 Entering in choose fire mode
INFO:root:09.05.51 Entering in home mode
INFO:root:09.05.53 Entering in choose fire mode
INFO:root:09.05.53 Entering in home mode
INFO:root:09.06.15  Exit Dolmen
