INFO:root:17.15.22 Start Dolmen
INFO:root:17.15.22 Entering in home mode
INFO:root:17.15.23 Entering in choose fire mode
INFO:root:17.15.24 Entering in online mode
INFO:root:17.15.28 start decoding
WARNING:root:17.15.30 no sensors pressure 6
WARNING:root:17.15.31 no data in sensors ['accelerometer_X', 'accelerometer_Y', 'accelerometer_Z'] 2
WARNING:root:17.15.32 no data in sensors pressure6
WARNING:root:17.15.33 no sensors temperature 5
WARNING:root:17.15.33 no sensors pressure 7
WARNING:root:17.15.33 no sensors ['accelerometer_X', 'accelerometer_Y', 'accelerometer_Z'] 2
WARNING:root:17.15.34 no sensors temperature 5
WARNING:root:17.15.34 no sensors pressure 7
WARNING:root:17.15.35 no sensors temperature 5
WARNING:root:17.15.35 no sensors pressure 7
WARNING:root:17.15.36 no sensors temperature 5
WARNING:root:17.15.36 no sensors pressure 7
WARNING:root:17.16.09 stop decoding
INFO:root:17.16.11 Entering in choose fire mode
INFO:root:17.16.12 Entering in home mode
INFO:root:17.16.14 Exit Dolmen
