INFO:root:16.51.08 Start Dolmen
INFO:root:16.51.08 Entering in home mode
INFO:root:16.51.10 Entering in choose fire mode
INFO:root:16.51.10 Entering in offline mode
INFO:root:16.51.13 start decoding
INFO:root:16.51.18 stop decoding
INFO:root:16.51.21 Entering in choose fire mode
INFO:root:16.51.22 Entering in offline mode
INFO:root:16.51.25 start decoding
INFO:root:16.51.35 end CSV file
WARNING:root:16.51.45 no time and sensor found temperature  4
WARNING:root:16.51.45 no time and sensor found temperature  5
WARNING:root:16.51.45 no time and sensor found pressure  6
WARNING:root:16.51.45 no time and sensor found pressure  7
WARNING:root:16.51.45 no time and sensor found altitude  8
WARNING:root:16.51.45 no sensors GPS 1
WARNING:root:16.51.45 no sensors accelerometer 2
WARNING:root:16.51.45 no sensors gyroscope 3
INFO:root:16.51.46 Entering in choose fire mode
INFO:root:16.51.48 Entering in home mode
INFO:root:16.51.50  Exit Dolmen
