INFO:root:13.13.16 Start Dolmen
INFO:root:13.13.16 Entering in home mode
INFO:root:13.13.17 Entering in choose fire mode
INFO:root:13.13.19 Entering in online mode
INFO:root:13.13.20 start decoding
INFO:root:13.13.53 stop decoding
INFO:root:13.14.05 Entering in choose fire mode
INFO:root:13.14.06 Entering in offline mode
INFO:root:13.14.10 start decoding
INFO:root:13.14.20 end CSV file
WARNING:root:13.14.22 no time and sensor found temperature  4
WARNING:root:13.14.22 no time and sensor found temperature  5
WARNING:root:13.14.22 no time and sensor found pressure  6
WARNING:root:13.14.22 no time and sensor found pressure  7
WARNING:root:13.14.22 no time and sensor found altitude  8
WARNING:root:13.14.22 no sensors GPS 1
WARNING:root:13.14.22 no sensors accelerometer 2
WARNING:root:13.14.22 no sensors gyroscope 3
INFO:root:13.14.52 Entering in choose fire mode
INFO:root:13.14.53 Entering in online mode
INFO:root:13.14.54 start decoding
WARNING:root:13.14.58 no time found temperature  4
WARNING:root:13.14.58 no time found temperature  5
WARNING:root:13.14.58 no time found pressure  6
WARNING:root:13.14.58 no time found pressure  7
WARNING:root:13.14.58 no time found altitude  8
WARNING:root:13.14.59 no sensors found temperature 4
WARNING:root:13.14.59 no sensors found pressure 6
WARNING:root:13.15.00 no time found temperature  4
WARNING:root:13.15.00 no time found pressure  6
WARNING:root:13.15.00 no time and sensor found temperature  5
WARNING:root:13.15.00 no time and sensor found pressure  7
WARNING:root:13.15.00 no time and sensor found altitude  8
INFO:root:13.15.03 Entering in choose fire mode
INFO:root:13.15.04 Entering in home mode
INFO:root:13.15.05  Exit Dolmen
