INFO:root:11.28.58 Start Dolmen
INFO:root:11.28.58 Entering in home mode
INFO:root:11.29.00 Entering in choose fire mode
INFO:root:11.29.02 Entering in online mode
INFO:root:11.29.03 start decoding
WARNING:root:11.29.03 no data in sensors GPS1
WARNING:root:11.29.04 no sensors temperature 4
WARNING:root:11.29.05 no time found temperature  5
WARNING:root:11.29.05 no data in sensors pressure6
WARNING:root:11.29.05 no time found pressure 6
WARNING:root:11.29.05 no time found pressure  7
WARNING:root:11.29.05 no time found altitude  8
WARNING:root:11.29.05 no sensors temperature 4
WARNING:root:11.29.05 no time found temperature 4
WARNING:root:11.29.05 no sensors GPS 1
WARNING:root:11.29.07 no time found temperature  5
WARNING:root:11.29.07 no time found pressure  6
WARNING:root:11.29.07 no time found altitude  8
WARNING:root:11.29.07 no sensors temperature 4
WARNING:root:11.29.07 no time found temperature 4
WARNING:root:11.29.07 no sensors pressure 7
WARNING:root:11.29.07 no time found pressure 7
WARNING:root:11.29.07 no sensors GPS 1
WARNING:root:11.29.09 no data in sensors temperature4
WARNING:root:11.29.09 no time found temperature 4
WARNING:root:11.29.09 no time found altitude  8
WARNING:root:11.29.09 no sensors temperature 5
WARNING:root:11.29.09 no time found temperature 5
WARNING:root:11.29.09 no sensors pressure 6
WARNING:root:11.29.09 no time found pressure 6
WARNING:root:11.29.09 no sensors pressure 7
WARNING:root:11.29.09 no time found pressure 7
WARNING:root:11.29.09 no sensors GPS 1
WARNING:root:11.29.09 no sensors accelerometer 2
WARNING:root:11.29.10 no sensors temperature 4
WARNING:root:11.29.10 no sensors GPS 1
INFO:root:11.29.11 end CSV file
ERROR:root:11.29.24 2020_05_27_11.28.58folder not found => creation
INFO:root:11.29.26 report generation in SaveSession/2020_05_27_11.28.58
INFO:root:11.29.55 Entering in choose fire mode
INFO:root:11.29.56 Entering in online mode
INFO:root:11.30.01 start decoding
WARNING:root:11.30.02 no data in sensors GPS1
WARNING:root:11.30.03 no sensors temperature 4
WARNING:root:11.30.04 no time found temperature  5
WARNING:root:11.30.04 no data in sensors pressure6
WARNING:root:11.30.04 no time found pressure 6
WARNING:root:11.30.04 no time found pressure  7
WARNING:root:11.30.04 no time found altitude  8
WARNING:root:11.30.04 no sensors temperature 4
WARNING:root:11.30.04 no time found temperature 4
WARNING:root:11.30.04 no sensors GPS 1
WARNING:root:11.30.06 no time found temperature  5
WARNING:root:11.30.06 no time found pressure  6
WARNING:root:11.30.06 no time found altitude  8
WARNING:root:11.30.06 no sensors temperature 4
WARNING:root:11.30.06 no time found temperature 4
WARNING:root:11.30.06 no sensors pressure 7
WARNING:root:11.30.06 no time found pressure 7
WARNING:root:11.30.06 no sensors GPS 1
WARNING:root:11.30.07 no data in sensors temperature4
WARNING:root:11.30.07 no time found temperature 4
WARNING:root:11.30.07 no time found altitude  8
WARNING:root:11.30.07 no sensors temperature 5
WARNING:root:11.30.07 no time found temperature 5
WARNING:root:11.30.07 no sensors pressure 6
WARNING:root:11.30.07 no time found pressure 6
WARNING:root:11.30.07 no sensors pressure 7
WARNING:root:11.30.07 no time found pressure 7
WARNING:root:11.30.07 no sensors GPS 1
WARNING:root:11.30.07 no sensors accelerometer 2
WARNING:root:11.30.09 no sensors temperature 4
WARNING:root:11.30.09 no sensors GPS 1
INFO:root:11.30.10 end CSV file
INFO:root:11.30.14 Entering in choose fire mode
INFO:root:11.30.16 Entering in online mode
INFO:root:11.30.18 start decoding
WARNING:root:11.30.18 no data in sensors GPS1
WARNING:root:11.30.20 no sensors temperature 4
WARNING:root:11.30.21 no time found temperature  5
WARNING:root:11.30.21 no data in sensors pressure6
WARNING:root:11.30.21 no time found pressure 6
WARNING:root:11.30.21 no time found pressure  7
WARNING:root:11.30.21 no time found altitude  8
WARNING:root:11.30.21 no sensors temperature 4
WARNING:root:11.30.21 no time found temperature 4
WARNING:root:11.30.21 no sensors GPS 1
WARNING:root:11.30.23 no time found temperature  5
WARNING:root:11.30.23 no time found pressure  6
WARNING:root:11.30.23 no time found altitude  8
WARNING:root:11.30.23 no sensors temperature 4
WARNING:root:11.30.23 no time found temperature 4
WARNING:root:11.30.23 no sensors pressure 7
WARNING:root:11.30.23 no time found pressure 7
WARNING:root:11.30.23 no sensors GPS 1
WARNING:root:11.30.24 no data in sensors temperature4
WARNING:root:11.30.24 no time found temperature 4
WARNING:root:11.30.24 no time found altitude  8
WARNING:root:11.30.24 no sensors temperature 5
WARNING:root:11.30.24 no time found temperature 5
WARNING:root:11.30.24 no sensors pressure 6
WARNING:root:11.30.24 no time found pressure 6
WARNING:root:11.30.24 no sensors pressure 7
WARNING:root:11.30.24 no time found pressure 7
WARNING:root:11.30.24 no sensors GPS 1
WARNING:root:11.30.24 no sensors accelerometer 2
WARNING:root:11.30.25 no sensors temperature 4
WARNING:root:11.30.25 no sensors GPS 1
INFO:root:11.30.26 end CSV file
INFO:root:11.30.49 Entering in choose fire mode
INFO:root:11.30.50 Entering in home mode
INFO:root:11.30.52  Exit Dolmen
