INFO:root:15.15.49 Start Dolmen
INFO:root:15.15.49 Entering in home mode
INFO:root:15.15.51 Entering in choose fire mode
INFO:root:15.15.53 Entering in online mode
INFO:root:15.15.54 Entering in choose fire mode
INFO:root:15.15.56 Entering in offline mode
INFO:root:15.15.59 start decoding
WARNING:root:15.16.13 no sensors temperature 4
WARNING:root:15.16.13 no time found temperature 4
WARNING:root:15.16.13 no sensors temperature 5
WARNING:root:15.16.13 no time found temperature 5
WARNING:root:15.16.13 no sensors pressure 6
WARNING:root:15.16.13 no time found pressure 6
WARNING:root:15.16.13 no sensors pressure 7
WARNING:root:15.16.13 no time found pressure 7
WARNING:root:15.16.13 no sensors altitude 8
WARNING:root:15.16.13 no time found altitude 8
WARNING:root:15.16.13 no sensors GPS 1
WARNING:root:15.16.13 no sensors accelerometer 2
WARNING:root:15.16.13 no sensors gyroscope 3
INFO:root:15.16.22 Entering in choose fire mode
INFO:root:15.16.35 Entering in home mode
INFO:root:15.16.36  Exit Dolmen
