INFO:root:11.42.22 Start Dolmen
INFO:root:11.42.22 Entering in home mode
INFO:root:11.42.23 Entering in choose fire mode
INFO:root:11.42.25 Entering in offline mode
INFO:root:11.42.31 start decoding
WARNING:root:11.42.35 no time found temperature  4
WARNING:root:11.42.35 no time found temperature  5
WARNING:root:11.42.35 no time found pressure  6
WARNING:root:11.42.35 no time found pressure  7
WARNING:root:11.42.35 no time found altitude  8
WARNING:root:11.42.36 no sensors pressure 7
WARNING:root:11.42.36 no sensors altitude 8
WARNING:root:11.42.37 no sensors temperature 5
WARNING:root:11.42.37 no sensors pressure 7
WARNING:root:11.42.37 no sensors altitude 8
WARNING:root:11.42.37 no sensors GPS 1
WARNING:root:11.42.37 no sensors GPS 1
WARNING:root:11.42.39 no sensors GPS 1
WARNING:root:11.42.40 no sensors pressure 7
WARNING:root:11.42.40 no sensors altitude 8
WARNING:root:11.42.40 no sensors GPS 1
WARNING:root:11.42.40 no sensors temperature 5
WARNING:root:11.42.40 no sensors pressure 7
WARNING:root:11.42.40 no sensors altitude 8
WARNING:root:11.42.40 no sensors GPS 1
WARNING:root:11.42.41 no sensors GPS 1
WARNING:root:11.42.41 no sensors GPS 1
WARNING:root:11.42.41 no sensors GPS 1
WARNING:root:11.42.42 no sensors GPS 1
INFO:root:11.42.43 stop decoding
INFO:root:12.14.42 Entering in choose fire mode
INFO:root:12.14.43 Entering in home mode
INFO:root:12.14.44  Exit Dolmen
