INFO:root:17.26.32 Start Dolmen
INFO:root:17.26.32 Entering in home mode
INFO:root:17.26.37 Entering in choose fire mode
INFO:root:17.26.39 Entering in online mode
INFO:root:17.26.40 start decoding
WARNING:root:17.26.42 no sensors pressure 6
WARNING:root:17.26.44 no data in sensors ['accelerometer_X', 'accelerometer_Y', 'accelerometer_Z'] 2
WARNING:root:17.26.45 no data in sensors pressure6
WARNING:root:17.26.46 no sensors temperature 5
WARNING:root:17.26.46 no sensors pressure 7
WARNING:root:17.26.46 no sensors ['accelerometer_X', 'accelerometer_Y', 'accelerometer_Z'] 2
WARNING:root:17.26.47 no sensors temperature 5
WARNING:root:17.26.47 no sensors pressure 7
WARNING:root:17.26.48 no sensors temperature 5
WARNING:root:17.26.48 no sensors pressure 7
WARNING:root:17.26.49 no sensors temperature 5
WARNING:root:17.26.49 no sensors pressure 7
WARNING:root:17.26.50 stop decoding
INFO:root:17.26.52 Entering in choose fire mode
INFO:root:17.26.53 Entering in home mode
INFO:root:17.26.54 Exit Dolmen
