INFO:root:11.31.59 Start Dolmen
INFO:root:11.31.59 Entering in home mode
INFO:root:11.32.00 Entering in choose fire mode
INFO:root:11.32.02 Entering in online mode
INFO:root:11.32.04 start decoding
WARNING:root:11.32.05 no data in sensors GPS1
WARNING:root:11.32.06 no sensors temperature 4
WARNING:root:11.32.07 no time found temperature  5
WARNING:root:11.32.07 no data in sensors pressure6
WARNING:root:11.32.07 no time found pressure 6
WARNING:root:11.32.07 no time found pressure  7
WARNING:root:11.32.07 no time found altitude  8
WARNING:root:11.32.07 no sensors temperature 4
WARNING:root:11.32.07 no time found temperature 4
WARNING:root:11.32.07 no sensors GPS 1
WARNING:root:11.32.09 no time found temperature  5
WARNING:root:11.32.09 no time found pressure  6
WARNING:root:11.32.09 no time found altitude  8
WARNING:root:11.32.09 no sensors temperature 4
WARNING:root:11.32.09 no time found temperature 4
WARNING:root:11.32.09 no sensors pressure 7
WARNING:root:11.32.09 no time found pressure 7
WARNING:root:11.32.09 no sensors GPS 1
WARNING:root:11.32.11 no data in sensors temperature4
WARNING:root:11.32.11 no time found temperature 4
WARNING:root:11.32.11 no time found altitude  8
WARNING:root:11.32.11 no sensors temperature 5
WARNING:root:11.32.11 no time found temperature 5
WARNING:root:11.32.11 no sensors pressure 6
WARNING:root:11.32.11 no time found pressure 6
WARNING:root:11.32.11 no sensors pressure 7
WARNING:root:11.32.11 no time found pressure 7
WARNING:root:11.32.11 no sensors GPS 1
WARNING:root:11.32.11 no sensors accelerometer 2
WARNING:root:11.32.12 no sensors temperature 4
WARNING:root:11.32.12 no sensors GPS 1
INFO:root:11.32.13 end CSV file
INFO:root:11.32.18 Entering in choose fire mode
INFO:root:11.32.20 Entering in home mode
INFO:root:11.32.21  Exit Dolmen
