INFO:root:12.59.30 Start Dolmen
INFO:root:12.59.30 Entering in home mode
INFO:root:12.59.31 Entering in choose fire mode
INFO:root:12.59.33 Entering in offline mode
INFO:root:12.59.35 start decoding
WARNING:root:12.59.37 no time found temperature  4
WARNING:root:12.59.37 no time found temperature  5
WARNING:root:12.59.37 no time found pressure  6
WARNING:root:12.59.37 no time found pressure  7
WARNING:root:12.59.37 no time found altitude  8
WARNING:root:12.59.37 no sensors found temperature 4
WARNING:root:12.59.37 no sensors found pressure 6
WARNING:root:12.59.38 no time found temperature  4
WARNING:root:12.59.38 no time found pressure  6
WARNING:root:12.59.38 no time and sensor found temperature  5
WARNING:root:12.59.38 no time and sensor found pressure  7
WARNING:root:12.59.38 no time and sensor found altitude  8
INFO:root:12.59.46 end CSV file
WARNING:root:12.59.51 no time and sensor found temperature  4
WARNING:root:12.59.51 no time and sensor found temperature  5
WARNING:root:12.59.51 no time and sensor found pressure  6
WARNING:root:12.59.51 no time and sensor found pressure  7
WARNING:root:12.59.51 no time and sensor found altitude  8
WARNING:root:12.59.51 no sensors GPS 1
WARNING:root:12.59.51 no sensors accelerometer 2
WARNING:root:12.59.51 no sensors gyroscope 3
INFO:root:12.59.52 Entering in choose fire mode
INFO:root:13.01.07 Entering in offline mode
INFO:root:13.01.10 start decoding
WARNING:root:13.01.12 no time found temperature  4
WARNING:root:13.01.12 no time found temperature  5
WARNING:root:13.01.12 no time found pressure  6
WARNING:root:13.01.12 no time found pressure  7
WARNING:root:13.01.12 no time found altitude  8
WARNING:root:13.01.13 no sensors found temperature 4
WARNING:root:13.01.13 no sensors found pressure 6
WARNING:root:13.01.13 no time found temperature  4
WARNING:root:13.01.13 no time found pressure  6
WARNING:root:13.01.13 no time and sensor found temperature  5
WARNING:root:13.01.13 no time and sensor found pressure  7
WARNING:root:13.01.13 no time and sensor found altitude  8
INFO:root:13.01.17 Entering in choose fire mode
INFO:root:13.01.19 Entering in home mode
INFO:root:13.01.21  Exit Dolmen
