INFO:root:17.19.09 Start Dolmen
INFO:root:17.19.09 Entering in home mode
INFO:root:17.19.11 Entering in choose fire mode
INFO:root:17.19.12 Entering in offline mode
INFO:root:17.19.15 Entering in choose fire mode
INFO:root:17.19.16 Entering in offline mode
INFO:root:17.19.18 start decoding
INFO:root:17.19.28 end CSV file
WARNING:root:17.19.39 no time and sensor found temperature  4
WARNING:root:17.19.39 no time and sensor found temperature  5
WARNING:root:17.19.39 no time and sensor found pressure  6
WARNING:root:17.19.39 no time and sensor found pressure  7
WARNING:root:17.19.39 no time and sensor found altitude  8
WARNING:root:17.19.39 no sensors GPS 1
WARNING:root:17.19.39 no sensors accelerometer 2
WARNING:root:17.19.39 no sensors gyroscope 3
ERROR:root:17.20.07 2020_06_03_17.19.09 folder not found => creation
INFO:root:17.20.08 report generation in SaveSession/2020_06_03_17.19.09
INFO:root:17.23.40 Entering in choose fire mode
INFO:root:17.23.41 Entering in home mode
INFO:root:17.23.42  Exit Dolmen
