INFO:root:14.46.34 Start Dolmen
INFO:root:14.46.34 Entering in home mode
INFO:root:14.46.35 Entering in choose fire mode
INFO:root:14.46.38 Entering in online mode
INFO:root:14.46.39 start decoding
INFO:root:14.46.47 stop decoding
INFO:root:14.47.24 Entering in choose fire mode
INFO:root:14.47.26 Entering in online mode
INFO:root:14.47.27 start decoding
INFO:root:14.47.45 stop decoding
INFO:root:14.47.54 Entering in choose fire mode
INFO:root:14.47.55 Entering in offline mode
INFO:root:14.47.57 start decoding
INFO:root:14.49.12 end CSV file
INFO:root:14.49.34 Entering in choose fire mode
INFO:root:14.49.39 Entering in online mode
INFO:root:14.49.40 start decoding
INFO:root:14.50.22 Entering in choose fire mode
INFO:root:14.50.22 Entering in home mode
INFO:root:14.50.24  Exit Dolmen
