INFO:root:12.47.44 Start Dolmen
INFO:root:12.47.44 Entering in home mode
INFO:root:12.47.46 Entering in choose fire mode
INFO:root:12.47.47 Entering in online mode
INFO:root:12.47.49 start decoding
WARNING:root:12.47.52 no time found temperature  4
WARNING:root:12.47.52 no time found temperature  5
WARNING:root:12.47.52 no time found pressure  6
WARNING:root:12.47.52 no time found pressure  7
WARNING:root:12.47.52 no time found altitude  8
WARNING:root:12.47.53 no sensors found temperature 4
WARNING:root:12.47.53 no sensors found pressure 6
WARNING:root:12.47.54 no time found temperature  4
WARNING:root:12.47.54 no time found pressure  6
WARNING:root:12.47.54 no time and sensor found temperature  5
WARNING:root:12.47.54 no time and sensor found pressure  7
WARNING:root:12.47.54 no time and sensor found altitude  8
INFO:root:12.48.25 stop decoding
ERROR:root:12.48.33 2020_06_03_12.47.44 folder not found => creation
INFO:root:12.48.34 report generation in SaveSession/2020_06_03_12.47.44
INFO:root:12.48.35 Entering in choose fire mode
INFO:root:12.48.36 Entering in home mode
INFO:root:12.48.38  Exit Dolmen
