INFO:root:09.55.44 Start Dolmen
INFO:root:09.55.44 Entering in home mode
INFO:root:09.55.47 Entering in choose fire mode
INFO:root:09.55.49 Entering in offline mode
INFO:root:09.55.52 start decoding
WARNING:root:09.55.56 no time found temperature  4
WARNING:root:09.55.56 no time found temperature  5
WARNING:root:09.55.56 no time found pressure  6
WARNING:root:09.55.56 no time found pressure  7
WARNING:root:09.55.56 no time found altitude  8
WARNING:root:09.55.58 no sensors pressure 7
WARNING:root:09.55.58 no sensors altitude 8
WARNING:root:09.55.58 no sensors temperature 5
WARNING:root:09.55.58 no sensors pressure 7
WARNING:root:09.55.58 no sensors altitude 8
WARNING:root:09.55.58 no sensors GPS 1
WARNING:root:09.55.58 no sensors GPS 1
WARNING:root:09.56.00 no sensors GPS 1
WARNING:root:09.56.01 no sensors pressure 7
WARNING:root:09.56.01 no sensors altitude 8
WARNING:root:09.56.01 no sensors GPS 1
WARNING:root:09.56.01 no sensors temperature 5
WARNING:root:09.56.01 no sensors pressure 7
WARNING:root:09.56.01 no sensors altitude 8
WARNING:root:09.56.01 no sensors GPS 1
WARNING:root:09.56.02 no sensors GPS 1
WARNING:root:09.56.02 no sensors GPS 1
WARNING:root:09.56.02 no sensors GPS 1
WARNING:root:09.56.03 no sensors GPS 1
WARNING:root:09.56.03 no sensors GPS 1
WARNING:root:09.56.04 no sensors pressure 7
WARNING:root:09.56.04 no sensors altitude 8
WARNING:root:09.56.04 no sensors GPS 1
WARNING:root:09.56.04 no sensors temperature 5
WARNING:root:09.56.04 no sensors pressure 7
WARNING:root:09.56.04 no sensors altitude 8
WARNING:root:09.56.04 no sensors GPS 1
WARNING:root:09.56.05 no sensors GPS 1
WARNING:root:09.56.05 no sensors temperature 5
WARNING:root:09.56.05 no sensors GPS 1
WARNING:root:09.56.06 no sensors GPS 1
WARNING:root:09.56.06 no sensors GPS 1
WARNING:root:09.56.07 no sensors pressure 7
WARNING:root:09.56.07 no sensors altitude 8
WARNING:root:09.56.07 no sensors GPS 1
WARNING:root:09.56.07 no sensors temperature 5
WARNING:root:09.56.07 no sensors pressure 7
WARNING:root:09.56.07 no sensors altitude 8
WARNING:root:09.56.07 no sensors GPS 1
WARNING:root:09.56.07 no sensors GPS 1
WARNING:root:09.56.08 no sensors GPS 1
WARNING:root:09.56.08 no sensors GPS 1
WARNING:root:09.56.09 no sensors GPS 1
WARNING:root:09.56.09 no sensors pressure 7
WARNING:root:09.56.09 no sensors altitude 8
WARNING:root:09.56.09 no sensors GPS 1
INFO:root:09.56.10 end CSV file
ERROR:root:09.56.13 2020_06_01_09.55.44 folder not found => creation
INFO:root:09.56.15 report generation in SaveSession/2020_06_01_09.55.44
INFO:root:09.56.16 Entering in choose fire mode
INFO:root:09.56.18 Entering in home mode
INFO:root:09.56.20  Exit Dolmen
