INFO:root:09.49.57 Start Dolmen
INFO:root:09.49.57 Entering in home mode
INFO:root:09.49.58 Entering in choose fire mode
INFO:root:09.49.59 Entering in offline mode
INFO:root:09.50.05 start decoding
WARNING:root:09.50.09 no time found temperature  4
WARNING:root:09.50.09 no time found temperature  5
WARNING:root:09.50.09 no time found pressure  6
WARNING:root:09.50.09 no time found pressure  7
WARNING:root:09.50.09 no time found altitude  8
WARNING:root:09.50.10 no sensors pressure 7
WARNING:root:09.50.10 no sensors altitude 8
WARNING:root:09.50.11 no sensors temperature 5
WARNING:root:09.50.11 no sensors pressure 7
WARNING:root:09.50.11 no sensors altitude 8
WARNING:root:09.50.11 no sensors GPS 1
WARNING:root:09.50.11 no sensors GPS 1
WARNING:root:09.50.13 no sensors GPS 1
WARNING:root:09.50.13 no sensors pressure 7
WARNING:root:09.50.13 no sensors altitude 8
WARNING:root:09.50.13 no sensors GPS 1
WARNING:root:09.50.14 no sensors temperature 5
WARNING:root:09.50.14 no sensors pressure 7
WARNING:root:09.50.14 no sensors altitude 8
WARNING:root:09.50.14 no sensors GPS 1
WARNING:root:09.50.14 no sensors GPS 1
WARNING:root:09.50.15 no sensors GPS 1
WARNING:root:09.50.15 no sensors GPS 1
WARNING:root:09.50.16 no sensors GPS 1
WARNING:root:09.50.16 no sensors GPS 1
WARNING:root:09.50.17 no sensors pressure 7
WARNING:root:09.50.17 no sensors altitude 8
WARNING:root:09.50.17 no sensors GPS 1
WARNING:root:09.50.17 no sensors temperature 5
WARNING:root:09.50.17 no sensors pressure 7
WARNING:root:09.50.17 no sensors altitude 8
WARNING:root:09.50.17 no sensors GPS 1
WARNING:root:09.50.18 no sensors GPS 1
WARNING:root:09.50.18 no sensors temperature 5
WARNING:root:09.50.18 no sensors GPS 1
WARNING:root:09.50.18 no sensors GPS 1
WARNING:root:09.50.19 no sensors GPS 1
WARNING:root:09.50.19 no sensors pressure 7
WARNING:root:09.50.19 no sensors altitude 8
WARNING:root:09.50.19 no sensors GPS 1
WARNING:root:09.50.20 no sensors temperature 5
WARNING:root:09.50.20 no sensors pressure 7
WARNING:root:09.50.20 no sensors altitude 8
WARNING:root:09.50.20 no sensors GPS 1
WARNING:root:09.50.20 no sensors GPS 1
WARNING:root:09.50.21 no sensors GPS 1
WARNING:root:09.50.21 no sensors GPS 1
WARNING:root:09.50.22 no sensors GPS 1
WARNING:root:09.50.22 no sensors pressure 7
WARNING:root:09.50.22 no sensors altitude 8
WARNING:root:09.50.22 no sensors GPS 1
INFO:root:09.50.23 end CSV file
ERROR:root:09.50.27 2020_06_01_09.49.57folder not found => creation
INFO:root:09.50.29 report generation in SaveSession/2020_06_01_09.49.57
INFO:root:09.50.49 Entering in choose fire mode
INFO:root:09.50.51 Entering in home mode
INFO:root:09.50.53  Exit Dolmen
