INFO:root:12.53.35 Start Dolmen
INFO:root:12.53.35 Entering in home mode
INFO:root:12.53.36 Entering in choose fire mode
INFO:root:12.53.37 Entering in offline mode
INFO:root:12.53.42 start decoding
INFO:root:12.53.53 end CSV file
WARNING:root:12.53.55 no time and sensor found temperature  4
WARNING:root:12.53.55 no time and sensor found temperature  5
WARNING:root:12.53.55 no time and sensor found pressure  6
WARNING:root:12.53.55 no time and sensor found pressure  7
WARNING:root:12.53.55 no time and sensor found altitude  8
WARNING:root:12.53.55 no sensors GPS 1
WARNING:root:12.53.55 no sensors accelerometer 2
WARNING:root:12.53.55 no sensors gyroscope 3
ERROR:root:12.54.44 2020_06_03_12.53.35 folder not found => creation
INFO:root:12.54.46 report generation in SaveSession/2020_06_03_12.53.35
INFO:root:12.54.47 Entering in choose fire mode
INFO:root:12.54.48 Entering in offline mode
INFO:root:12.54.51 Entering in choose fire mode
INFO:root:12.54.52 Entering in offline mode
INFO:root:12.54.54 start decoding
WARNING:root:12.54.56 no time found temperature  4
WARNING:root:12.54.56 no time found temperature  5
WARNING:root:12.54.56 no time found pressure  6
WARNING:root:12.54.56 no time found pressure  7
WARNING:root:12.54.56 no time found altitude  8
WARNING:root:12.54.56 no sensors found temperature 4
WARNING:root:12.54.56 no sensors found pressure 6
WARNING:root:12.54.56 no time found temperature  4
WARNING:root:12.54.56 no time found pressure  6
WARNING:root:12.54.56 no time and sensor found temperature  5
WARNING:root:12.54.56 no time and sensor found pressure  7
WARNING:root:12.54.56 no time and sensor found altitude  8
INFO:root:12.55.05 end CSV file
WARNING:root:12.55.06 no time and sensor found temperature  4
WARNING:root:12.55.06 no time and sensor found temperature  5
WARNING:root:12.55.06 no time and sensor found pressure  6
WARNING:root:12.55.06 no time and sensor found pressure  7
WARNING:root:12.55.06 no time and sensor found altitude  8
WARNING:root:12.55.06 no sensors GPS 1
WARNING:root:12.55.06 no sensors accelerometer 2
WARNING:root:12.55.06 no sensors gyroscope 3
INFO:root:12.56.51 Entering in choose fire mode
INFO:root:12.56.52 Entering in home mode
INFO:root:12.56.53  Exit Dolmen
