INFO:root:09.16.11 Start Dolmen
INFO:root:09.16.11 Entering in home mode
INFO:root:09.16.13 Entering in choose fire mode
INFO:root:09.16.20 Entering in offline mode
INFO:root:09.16.28 start decoding
WARNING:root:09.16.35 no sensors pressure 7
WARNING:root:09.16.35 no sensors altitude 8
WARNING:root:09.16.36 no sensors temperature 5
WARNING:root:09.16.36 no sensors pressure 7
WARNING:root:09.16.36 no sensors altitude 8
WARNING:root:09.16.36 no sensors GPS 1
WARNING:root:09.16.36 no sensors GPS 1
WARNING:root:09.16.39 no sensors GPS 1
WARNING:root:09.16.40 no sensors pressure 7
WARNING:root:09.16.40 no sensors altitude 8
WARNING:root:09.16.40 no sensors GPS 1
WARNING:root:09.16.40 no sensors temperature 5
WARNING:root:09.16.40 no sensors pressure 7
WARNING:root:09.16.40 no sensors altitude 8
WARNING:root:09.16.40 no sensors GPS 1
WARNING:root:09.16.41 no sensors GPS 1
WARNING:root:09.16.42 no sensors GPS 1
WARNING:root:09.16.42 no sensors GPS 1
WARNING:root:09.16.43 no sensors GPS 1
WARNING:root:09.16.44 no sensors GPS 1
WARNING:root:09.16.44 no sensors pressure 7
WARNING:root:09.16.44 no sensors altitude 8
WARNING:root:09.16.44 no sensors GPS 1
WARNING:root:09.16.45 no sensors temperature 5
WARNING:root:09.16.45 no sensors pressure 7
WARNING:root:09.16.45 no sensors altitude 8
WARNING:root:09.16.45 no sensors GPS 1
WARNING:root:09.16.46 no sensors GPS 1
WARNING:root:09.16.46 no sensors temperature 5
WARNING:root:09.16.46 no sensors GPS 1
WARNING:root:09.16.47 no sensors GPS 1
WARNING:root:09.16.48 no sensors GPS 1
WARNING:root:09.16.49 no sensors pressure 7
WARNING:root:09.16.49 no sensors altitude 8
WARNING:root:09.16.49 no sensors GPS 1
WARNING:root:09.16.49 no sensors temperature 5
WARNING:root:09.16.49 no sensors pressure 7
WARNING:root:09.16.49 no sensors altitude 8
WARNING:root:09.16.49 no sensors GPS 1
WARNING:root:09.16.50 no sensors GPS 1
WARNING:root:09.16.51 no sensors GPS 1
WARNING:root:09.16.52 no sensors GPS 1
WARNING:root:09.16.53 no sensors GPS 1
WARNING:root:09.16.53 no sensors pressure 7
WARNING:root:09.16.53 no sensors altitude 8
WARNING:root:09.16.53 no sensors GPS 1
WARNING:root:09.16.54 no sensors temperature 5
WARNING:root:09.16.54 no sensors pressure 7
WARNING:root:09.16.54 no sensors altitude 8
WARNING:root:09.16.54 no sensors GPS 1
WARNING:root:09.16.55 no sensors GPS 1
WARNING:root:09.16.56 no sensors GPS 1
WARNING:root:09.16.56 no sensors GPS 1
WARNING:root:09.16.57 no sensors GPS 1
WARNING:root:09.16.57 no sensors gyroscope 3
INFO:root:09.18.49 trying to generate report before stopping decoding
INFO:root:09.18.58 stop decoding
ERROR:root:09.19.03 2020_05_29_09.16.11folder not found => creation
INFO:root:09.19.04 report generation in SaveSession/2020_05_29_09.16.11
INFO:root:09.23.33 Entering in choose fire mode
INFO:root:09.23.39 Entering in home mode
INFO:root:09.23.41  Exit Dolmen
