INFO:root:09.53.18 Start Dolmen
INFO:root:09.53.18 Entering in home mode
INFO:root:09.53.19 Entering in choose fire mode
INFO:root:09.53.21 Entering in offline mode
INFO:root:09.53.23 start decoding
WARNING:root:09.53.27 no time found temperature  4
WARNING:root:09.53.27 no time found temperature  5
WARNING:root:09.53.27 no time found pressure  6
WARNING:root:09.53.27 no time found pressure  7
WARNING:root:09.53.27 no time found altitude  8
WARNING:root:09.53.29 no sensors pressure 7
WARNING:root:09.53.29 no sensors altitude 8
WARNING:root:09.53.29 no sensors temperature 5
WARNING:root:09.53.29 no sensors pressure 7
WARNING:root:09.53.29 no sensors altitude 8
WARNING:root:09.53.29 no sensors GPS 1
WARNING:root:09.53.30 no sensors GPS 1
WARNING:root:09.53.32 no sensors GPS 1
WARNING:root:09.53.32 no sensors pressure 7
WARNING:root:09.53.32 no sensors altitude 8
WARNING:root:09.53.32 no sensors GPS 1
WARNING:root:09.53.32 no sensors temperature 5
WARNING:root:09.53.32 no sensors pressure 7
WARNING:root:09.53.32 no sensors altitude 8
WARNING:root:09.53.32 no sensors GPS 1
WARNING:root:09.53.33 no sensors GPS 1
WARNING:root:09.53.33 no sensors GPS 1
WARNING:root:09.53.34 no sensors GPS 1
WARNING:root:09.53.34 no sensors GPS 1
WARNING:root:09.53.35 no sensors GPS 1
WARNING:root:09.53.35 no sensors pressure 7
WARNING:root:09.53.35 no sensors altitude 8
WARNING:root:09.53.35 no sensors GPS 1
WARNING:root:09.53.36 no sensors temperature 5
WARNING:root:09.53.36 no sensors pressure 7
WARNING:root:09.53.36 no sensors altitude 8
WARNING:root:09.53.36 no sensors GPS 1
WARNING:root:09.53.36 no sensors GPS 1
WARNING:root:09.53.37 no sensors temperature 5
WARNING:root:09.53.37 no sensors GPS 1
WARNING:root:09.53.37 no sensors GPS 1
WARNING:root:09.53.37 no sensors GPS 1
WARNING:root:09.53.38 no sensors pressure 7
WARNING:root:09.53.38 no sensors altitude 8
WARNING:root:09.53.38 no sensors GPS 1
WARNING:root:09.53.38 no sensors temperature 5
WARNING:root:09.53.38 no sensors pressure 7
WARNING:root:09.53.38 no sensors altitude 8
WARNING:root:09.53.38 no sensors GPS 1
WARNING:root:09.53.39 no sensors GPS 1
WARNING:root:09.53.39 no sensors GPS 1
WARNING:root:09.53.40 no sensors GPS 1
WARNING:root:09.53.40 no sensors GPS 1
WARNING:root:09.53.41 no sensors pressure 7
WARNING:root:09.53.41 no sensors altitude 8
WARNING:root:09.53.41 no sensors GPS 1
INFO:root:09.53.41 end CSV file
ERROR:root:09.53.44 2020_06_01_09.53.18folder not found => creation
INFO:root:09.53.46 report generation in SaveSession/2020_06_01_09.53.18
INFO:root:09.53.47 Entering in choose fire mode
INFO:root:09.53.49 Entering in home mode
INFO:root:09.53.51  Exit Dolmen
