INFO:root:16h59 53 Start Dolmen
INFO:root:16h59 56 Entering in online mode
INFO:root:16h59 57 start decoding
INFO:root:17h00 02 problem with CSV file
INFO:root:17h00 06 problem with CSV file
INFO:root:17h00 08 problem with CSV file
INFO:root:17h00 09 problem with CSV file
INFO:root:17h00 11 problem with CSV file
WARNING:root:17h00 12 stop decoding
INFO:root:17h00 17 Exit Dolmen
INFO:root:23h51 22 Start Dolmen
INFO:root:23h51 25 Entering in online mode
INFO:root:23h51 26 start decoding
WARNING:root:23h51 27 no sensors acc
WARNING:root:23h51 27 no sensors gyro
INFO:root:23h53 32 Exit Dolmen
INFO:root:23h53 52 Start Dolmen
INFO:root:23h53 55 Entering in online mode
INFO:root:23h53 58 start decoding
WARNING:root:23h53 58 no sensors temp1
WARNING:root:23h53 58 no sensors temp2
WARNING:root:23h53 58 no sensors pressure1
WARNING:root:23h53 58 no sensors pressure2
WARNING:root:23h53 58 no sensors acc
WARNING:root:23h53 58 no sensors gyro
WARNING:root:23h53 59 no sensors temp1
WARNING:root:23h53 59 no sensors temp2
WARNING:root:23h53 59 no sensors pressure1
WARNING:root:23h53 59 no sensors pressure2
WARNING:root:23h53 59 no sensors acc
WARNING:root:23h53 59 no sensors gyro
WARNING:root:23h54 00 no sensors temp1
WARNING:root:23h54 00 no sensors temp2
WARNING:root:23h54 00 no sensors pressure1
WARNING:root:23h54 00 no sensors pressure2
WARNING:root:23h54 00 no sensors acc
WARNING:root:23h54 00 no sensors gyro
WARNING:root:23h54 01 no sensors temp1
WARNING:root:23h54 01 no sensors temp2
WARNING:root:23h54 01 no sensors pressure1
WARNING:root:23h54 01 no sensors pressure2
WARNING:root:23h54 01 no sensors acc
WARNING:root:23h54 01 no sensors gyro
WARNING:root:23h54 02 no sensors temp1
WARNING:root:23h54 02 no sensors temp2
WARNING:root:23h54 02 no sensors pressure1
WARNING:root:23h54 02 no sensors pressure2
WARNING:root:23h54 02 no sensors acc
WARNING:root:23h54 02 no sensors gyro
WARNING:root:23h54 03 no sensors temp1
WARNING:root:23h54 03 no sensors temp2
WARNING:root:23h54 03 no sensors pressure1
WARNING:root:23h54 03 no sensors pressure2
WARNING:root:23h54 03 no sensors acc
WARNING:root:23h54 03 no sensors gyro
INFO:root:23h56 02 Exit Dolmen
INFO:root:23h56 04 Start Dolmen
INFO:root:23h56 07 Entering in online mode
INFO:root:23h56 09 start decoding
WARNING:root:23h56 10 no sensors acc
WARNING:root:23h56 10 no sensors gyro
INFO:root:23h57 10 Exit Dolmen
INFO:root:23h57 12 Start Dolmen
INFO:root:23h57 15 Entering in online mode
INFO:root:23h57 17 start decoding
INFO:root:23h57 45 Exit Dolmen
INFO:root:23h57 47 Start Dolmen
INFO:root:23h57 49 Entering in online mode
INFO:root:23h57 51 start decoding
INFO:root:00h11 06 Exit Dolmen
INFO:root:00h11 27 Start Dolmen
INFO:root:00h11 30 Entering in online mode
INFO:root:00h11 32 start decoding
INFO:root:00h12 15 Exit Dolmen
INFO:root:00h12 17 Start Dolmen
INFO:root:00h12 19 Entering in online mode
INFO:root:00h12 21 start decoding
INFO:root:00h13 20 Exit Dolmen
INFO:root:00h13 24 Start Dolmen
INFO:root:00h13 27 Entering in online mode
INFO:root:00h13 29 start decoding
INFO:root:00h14 11 Exit Dolmen
INFO:root:00h14 14 Start Dolmen
INFO:root:00h14 17 Entering in online mode
INFO:root:00h14 18 start decoding
INFO:root:00h16 40 Exit Dolmen
INFO:root:00h16 43 Start Dolmen
INFO:root:00h16 45 Entering in online mode
INFO:root:00h16 47 start decoding
INFO:root:00h17 07 Exit Dolmen
INFO:root:00h17 17 Start Dolmen
INFO:root:00h17 19 Entering in online mode
INFO:root:00h17 22 start decoding
INFO:root:00h18 06 Exit Dolmen
INFO:root:00h18 09 Start Dolmen
INFO:root:00h18 11 Entering in online mode
INFO:root:00h18 15 start decoding
INFO:root:00h19 51 Exit Dolmen
INFO:root:00h19 55 Start Dolmen
INFO:root:00h19 57 Entering in online mode
INFO:root:00h19 59 start decoding
INFO:root:00h20 42 Exit Dolmen
INFO:root:00h20 50 Start Dolmen
INFO:root:00h20 52 Entering in online mode
INFO:root:00h20 54 start decoding
INFO:root:00h22 33 Exit Dolmen
INFO:root:00h22 38 Start Dolmen
INFO:root:00h22 40 Entering in online mode
INFO:root:00h22 42 start decoding
INFO:root:00h23 08 Exit Dolmen
INFO:root:00h23 11 Start Dolmen
INFO:root:00h23 14 Entering in online mode
INFO:root:00h23 16 start decoding
INFO:root:00h24 21 Exit Dolmen
INFO:root:00h24 26 Start Dolmen
INFO:root:00h24 28 Entering in online mode
INFO:root:00h24 30 start decoding
INFO:root:00h24 46 Exit Dolmen
INFO:root:00h25 58 Start Dolmen
INFO:root:00h26 00 Entering in online mode
INFO:root:00h26 01 start decoding
WARNING:root:00h26 15 stop decoding
INFO:root:00h26 28 start decoding
WARNING:root:00h26 34 stop decoding
INFO:root:00h27 11 Exit Dolmen
INFO:root:00h31 40 Start Dolmen
INFO:root:00h31 42 Entering in online mode
INFO:root:00h31 45 start decoding
INFO:root:00h33 07 Exit Dolmen
INFO:root:00h33 12 Start Dolmen
INFO:root:00h33 14 Entering in online mode
INFO:root:00h33 16 start decoding
INFO:root:00h33 34 Exit Dolmen
INFO:root:00h35 22 Start Dolmen
INFO:root:00h35 26 Entering in online mode
INFO:root:00h35 27 start decoding
INFO:root:00h35 42 Exit Dolmen
INFO:root:00h43 03 Start Dolmen
INFO:root:00h43 06 Entering in online mode
INFO:root:00h43 10 start decoding
INFO:root:00h43 20 Exit Dolmen
INFO:root:00h44 11 Start Dolmen
INFO:root:00h44 14 Entering in online mode
INFO:root:00h44 19 Exit Dolmen
INFO:root:00h44 33 Start Dolmen
INFO:root:00h44 37 Entering in online mode
INFO:root:00h44 39 start decoding
INFO:root:00h44 56 Exit Dolmen
INFO:root:00h45 00 Start Dolmen
INFO:root:00h45 03 Entering in online mode
INFO:root:00h45 13 start decoding
INFO:root:00h45 23 Exit Dolmen
INFO:root:00h45 42 Start Dolmen
INFO:root:00h45 44 Entering in online mode
INFO:root:00h45 47 start decoding
INFO:root:00h46 26 Exit Dolmen
INFO:root:00h46 29 Start Dolmen
INFO:root:00h46 32 Entering in online mode
INFO:root:00h46 33 start decoding
WARNING:root:00h46 34 no data in sensors temp1
WARNING:root:00h46 35 no data in sensors temp1
WARNING:root:00h46 36 no data in sensors temp1
WARNING:root:00h46 37 no data in sensors temp1
WARNING:root:00h46 38 no data in sensors temp1
INFO:root:00h47 24 Exit Dolmen
INFO:root:00h47 35 Start Dolmen
INFO:root:00h47 38 Entering in online mode
INFO:root:00h47 40 start decoding
WARNING:root:00h47 41 no data in sensors temp1
WARNING:root:00h47 42 no data in sensors temp1
WARNING:root:00h47 43 no data in sensors temp1
WARNING:root:00h47 44 no data in sensors temp1
WARNING:root:00h47 45 no data in sensors temp1
WARNING:root:00h47 46 no data in sensors acc
WARNING:root:00h47 47 no data in sensors acc
WARNING:root:00h47 48 no data in sensors gyro
WARNING:root:00h47 49 no data in sensors gyro
WARNING:root:00h47 51 no data in sensors acc
WARNING:root:00h47 52 no data in sensors acc
WARNING:root:00h47 53 no data in sensors gyro
WARNING:root:00h47 54 no data in sensors gyro
INFO:root:00h49 34 Exit Dolmen
INFO:root:00h49 38 Start Dolmen
INFO:root:00h49 40 Entering in online mode
INFO:root:00h49 43 start decoding
WARNING:root:00h49 43 no data in sensors temp1
WARNING:root:00h49 44 no data in sensors temp1
WARNING:root:00h49 45 no data in sensors temp1
WARNING:root:00h49 46 no data in sensors temp1
WARNING:root:00h49 47 no data in sensors temp1
WARNING:root:00h49 48 no sensors acc
WARNING:root:00h49 49 no sensors acc
WARNING:root:00h49 50 no sensors gyro
WARNING:root:00h49 51 no sensors gyro
WARNING:root:00h49 53 no sensors acc
WARNING:root:00h49 54 no sensors acc
WARNING:root:00h49 55 no sensors gyro
WARNING:root:00h49 56 no sensors gyro
INFO:root:00h50 02 Exit Dolmen
INFO:root:00h50 33 Start Dolmen
INFO:root:00h50 36 Entering in online mode
INFO:root:00h50 38 start decoding
WARNING:root:00h50 39 no data in sensors temp1
WARNING:root:00h50 40 no data in sensors temp1
WARNING:root:00h50 41 no sensors temp1
WARNING:root:00h50 42 no sensors temp1
WARNING:root:00h50 44 no sensors acc
WARNING:root:00h50 45 no sensors acc
WARNING:root:00h50 46 no sensors gyro
INFO:root:00h50 50 Exit Dolmen
INFO:root:00h53 54 Start Dolmen
INFO:root:00h53 56 Entering in online mode
INFO:root:00h54 00 start decoding
WARNING:root:00h54 00 no data in sensors temp1
WARNING:root:00h54 02 no data in sensors temp1
WARNING:root:00h54 03 no sensors temp1
WARNING:root:00h54 04 no sensors temp1
WARNING:root:00h54 06 no sensors acc
WARNING:root:00h54 07 no sensors acc
WARNING:root:00h54 08 no sensors gyro
WARNING:root:00h54 09 no sensors gyro
WARNING:root:00h54 11 no sensors acc
WARNING:root:00h54 12 no sensors acc
WARNING:root:00h54 13 no sensors gyro
WARNING:root:00h54 14 no sensors gyro
INFO:root:00h54 19 Exit Dolmen
INFO:root:00h57 28 Start Dolmen
INFO:root:00h57 30 Entering in online mode
INFO:root:00h58 28 Exit Dolmen
INFO:root:00h58 30 Start Dolmen
INFO:root:00h58 32 Entering in online mode
INFO:root:00h58 34 start decoding
INFO:root:00h59 23 Exit Dolmen
INFO:root:00h59 25 Start Dolmen
INFO:root:00h59 27 Entering in online mode
INFO:root:00h59 29 start decoding
INFO:root:00h59 58 Exit Dolmen
INFO:root:01h00 08 Start Dolmen
INFO:root:01h00 10 Entering in online mode
INFO:root:01h00 13 start decoding
INFO:root:01h01 07 Exit Dolmen
INFO:root:01h01 10 Start Dolmen
INFO:root:01h01 12 Entering in online mode
INFO:root:01h01 15 start decoding
INFO:root:01h01 52 Exit Dolmen
INFO:root:01h01 54 Start Dolmen
INFO:root:01h01 56 Entering in online mode
INFO:root:01h01 58 start decoding
INFO:root:01h02 41 Exit Dolmen
INFO:root:01h02 44 Start Dolmen
INFO:root:01h02 46 Entering in online mode
INFO:root:01h02 48 start decoding
WARNING:root:01h02 49 no data in sensors temp1
WARNING:root:01h02 50 no data in sensors temp1
WARNING:root:01h02 51 no sensors temp1
WARNING:root:01h02 52 no sensors temp1
WARNING:root:01h02 54 no sensors acc
WARNING:root:01h02 55 no sensors acc
WARNING:root:01h02 56 no sensors gyro
WARNING:root:01h02 58 no sensors gyro
INFO:root:01h03 00 Exit Dolmen
INFO:root:01h03 03 Start Dolmen
INFO:root:01h03 05 Entering in offline mode
INFO:root:01h03 48 Start Dolmen
INFO:root:01h03 52 Entering in online mode
INFO:root:01h03 54 start decoding
WARNING:root:01h03 54 no data in sensors temp1
WARNING:root:01h03 56 no data in sensors temp1
WARNING:root:01h03 57 no sensors temp1
WARNING:root:01h03 58 no sensors temp1
INFO:root:01h04 00 Exit Dolmen
INFO:root:01h04 04 Start Dolmen
INFO:root:01h04 05 Entering in offline mode
INFO:root:01h04 10 start decoding
WARNING:root:01h04 11 no data in sensors temp1
WARNING:root:01h04 12 no data in sensors temp1
WARNING:root:01h04 13 no sensors temp1
INFO:root:01h04 15 Exit Dolmen
INFO:root:01h09 42 Start Dolmen
INFO:root:01h10 21 Start Dolmen
INFO:root:01h11 13 Start Dolmen
INFO:root:01h11 17 Entering in online mode
INFO:root:01h11 19 start decoding
WARNING:root:01h11 19 no data in sensors temp1
WARNING:root:01h11 21 no data in sensors temp1
WARNING:root:01h11 22 no sensors temp1
WARNING:root:01h11 23 no sensors temp1
WARNING:root:01h11 25 no sensors acc
WARNING:root:01h11 26 no sensors acc
WARNING:root:01h11 27 no sensors gyro
WARNING:root:01h11 28 no sensors gyro
WARNING:root:01h11 29 stop decoding
INFO:root:01h11 33 Entering in online mode
INFO:root:01h11 42 start decoding
WARNING:root:01h11 43 no sensors acc
WARNING:root:01h11 44 no sensors acc
WARNING:root:01h11 45 no sensors gyro
INFO:root:01h11 50 Exit Dolmen
INFO:root:01h12 20 Start Dolmen
INFO:root:01h12 22 Entering in online mode
INFO:root:01h12 23 start decoding
WARNING:root:01h12 23 no data in sensors temp1
WARNING:root:01h12 25 no data in sensors temp1
WARNING:root:01h12 26 no sensors temp1
WARNING:root:01h12 27 no sensors temp1
WARNING:root:01h12 29 no sensors acc
WARNING:root:01h12 29 stop decoding
INFO:root:01h12 34 Entering in online mode
INFO:root:01h12 36 start decoding
WARNING:root:01h12 37 no sensors acc
WARNING:root:01h12 38 no sensors gyro
WARNING:root:01h12 39 no sensors gyro
WARNING:root:01h12 40 no sensors acc
WARNING:root:01h12 41 no sensors acc
INFO:root:01h12 45 Exit Dolmen
INFO:root:01h13 12 Start Dolmen
INFO:root:01h13 14 Entering in online mode
INFO:root:01h13 15 start decoding
WARNING:root:01h13 15 no data in sensors temp1
WARNING:root:01h13 17 no data in sensors temp1
WARNING:root:01h13 18 no sensors temp1
WARNING:root:01h13 19 no sensors temp1
WARNING:root:01h13 21 stop decoding
INFO:root:01h13 24 Entering in online mode
INFO:root:01h13 25 start decoding
WARNING:root:01h13 26 no sensors acc
WARNING:root:01h13 27 no sensors acc
WARNING:root:01h13 28 no sensors gyro
WARNING:root:01h13 29 no sensors gyro
INFO:root:01h13 32 Exit Dolmen
INFO:root:01h14 05 Start Dolmen
INFO:root:01h14 08 Entering in online mode
INFO:root:01h14 09 start decoding
WARNING:root:01h14 09 no data in sensors temp1
WARNING:root:01h14 10 no data in sensors temp1
WARNING:root:01h14 11 no sensors temp1
WARNING:root:01h14 13 no sensors temp1
WARNING:root:01h14 14 stop decoding
INFO:root:01h14 17 Entering in online mode
INFO:root:01h14 19 start decoding
WARNING:root:01h14 19 no data in sensors temp1
WARNING:root:01h14 20 no data in sensors temp1
WARNING:root:01h14 21 no sensors temp1
WARNING:root:01h14 22 no sensors temp1
INFO:root:01h14 24 Exit Dolmen
