INFO:root:15.16.41 Start Dolmen
INFO:root:15.16.41 Entering in home mode
INFO:root:15.16.42 Entering in choose fire mode
INFO:root:15.16.43 Entering in offline mode
INFO:root:15.16.46 start decoding
WARNING:root:15.16.59 no sensors temperature 4
WARNING:root:15.16.59 no time found temperature 4
WARNING:root:15.16.59 no sensors temperature 5
WARNING:root:15.16.59 no time found temperature 5
WARNING:root:15.16.59 no sensors pressure 6
WARNING:root:15.16.59 no time found pressure 6
WARNING:root:15.16.59 no sensors pressure 7
WARNING:root:15.16.59 no time found pressure 7
WARNING:root:15.16.59 no sensors altitude 8
WARNING:root:15.16.59 no time found altitude 8
WARNING:root:15.16.59 no sensors GPS 1
WARNING:root:15.16.59 no sensors accelerometer 2
WARNING:root:15.16.59 no sensors gyroscope 3
INFO:root:15.17.04 Entering in choose fire mode
INFO:root:15.17.25 Entering in home mode
INFO:root:15.17.26  Exit Dolmen
